<?xml version="1.0" encoding="UTF-8"?>
<!-- Generated by org.testng.reporters.JUnitReportReporter -->
<testsuite hostname="preetis-MacBook-Pro.local" failures="0" tests="1" name="com.miro.tests.TestLogin" time="7.082" errors="0" timestamp="15 May 2021 21:37:22 GMT" skipped="0">
  <testcase classname="com.miro.tests.TestLogin" name="login" time="7.082"/>
</testsuite> <!-- com.miro.tests.TestLogin -->
