<?xml version="1.0" encoding="UTF-8"?>
<!-- Generated by org.testng.reporters.JUnitReportReporter -->
<testsuite hostname="preetis-MacBook-Pro.local" failures="0" tests="2" name="com.miro.tests.TestError" time="13.958" errors="0" timestamp="15 May 2021 21:37:22 GMT" skipped="0">
  <testcase classname="com.miro.tests.TestError" name="PasswordError" time="4.115"/>
  <testcase classname="com.miro.tests.TestError" name="EmailError" time="9.843"/>
</testsuite> <!-- com.miro.tests.TestError -->
